<?xml version="1.0" encoding="utf-8"?><testsuites name="pytest tests"><testsuite name="pytest" errors="0" failures="0" skipped="0" tests="375" time="458.787" timestamp="2026-09-12T22:08:45.722157+05:30" hostname="DS-LAP-0798"><testcase classname="tests.e2e.test_e2e_attended_scraping" name="test_e2e_att_001_broward_attended" time="0.833" /><testcase classname="tests.e2e.test_e2e_attended_scraping" name="test_e2e_att_004_hillsborough_attended" time="0.838" /><testcase classname="tests.e2e.test_e2e_attended_scraping" name="test_e2e_att_007_miami_attended_settings_credentials" time="0.846" /><testcase classname="tests.e2e.test_e2e_attended_scraping" name="test_e2e_att_010_travis_smart_search_attended" time="0.620" /><testcase classname="tests.e2e.test_e2e_attended_scraping" name="test_e2e_att_013_dallas_sanitization_attended" time="0.626" /><testcase classname="tests.e2e.test_e2e_attended_scraping" name="test_e2e_att_015_harris_jp_strict_schema_attended" time="0.725" /><testcase classname="tests.e2e.test_e2e_attended_scraping" name="test_e2e_att_017_harris_cclerk_county_civil_attended" time="0.659" /><testcase classname="tests.e2e.test_e2e_attended_scraping" name="test_e2e_att_020_harris_district_party_inquiry_attended" time="0.603" /><testcase classname="tests.e2e.test_e2e_unattended_scraping" name="test_e2e_unat_001_florida_all_unattended_init" time="0.572" /><testcase classname="tests.e2e.test_e2e_unattended_scraping" name="test_e2e_unat_002_texas_all_unattended_init" time="0.654" /><testcase classname="tests.test_api" name="test_health_endpoint" time="0.988" /><testcase classname="tests.test_api" name="test_claims_list_endpoint" time="1.186" /><testcase classname="tests.test_api" name="test_claims_stats_endpoint" time="1.015" /><testcase classname="tests.test_api" name="test_queue_status_endpoint" time="0.903" /><testcase classname="tests.test_api" name="test_settings_endpoints" time="1.178" /><testcase classname="tests.test_api" name="test_guidewire_test_connection_endpoint" time="0.920" /><testcase classname="tests.test_api" name="test_portal_ping_endpoint" time="3.352" /><testcase classname="tests.test_api" name="test_browser_execution_test_endpoint" time="0.989" /><testcase classname="tests.test_api" name="test_browser_test_endpoint_live_extension_verification" time="0.777" /><testcase classname="tests.test_async_export" name="test_generate_export_data_direct" time="2.812" /><testcase classname="tests.test_async_export" name="test_async_export_endpoints_api" time="1.256" /><testcase classname="tests.test_attended_unattended_parity" name="test_parity_state_routing_matrix" time="1.495" /><testcase classname="tests.test_attended_unattended_parity" name="test_parity_party_pairs_derivation" time="0.813" /><testcase classname="tests.test_attended_unattended_parity" name="test_parity_strict_portal_schemas" time="0.824" /><testcase classname="tests.test_attended_unattended_parity" name="test_parity_guidewire_9digit_0prefix_rule" time="0.987" /><testcase classname="tests.test_attended_unattended_parity" name="test_parity_fuzzy_cascade_order" time="0.813" /><testcase classname="tests.test_attended_unattended_parity" name="test_parity_attended_vs_unattended_browser_session_parity" time="0.899" /><testcase classname="tests.test_audit_logs" name="test_sanitize_payload_zero_leakage" time="1.127" /><testcase classname="tests.test_audit_logs" name="test_extract_client_context_none" time="0.896" /><testcase classname="tests.test_audit_logs" name="test_audit_log_service_and_db_persistence" time="0.826" /><testcase classname="tests.test_audit_logs" name="test_audit_logs_endpoints" time="1.258" /><testcase classname="tests.test_audit_logs" name="test_audit_logs_stats_and_export" time="1.467" /><testcase classname="tests.test_audit_logs" name="test_claim_audit_logs_and_clean_preservation" time="1.466" /><testcase classname="tests.test_browser_manager" name="test_county_site_adapter_protocol" time="0.793" /><testcase classname="tests.test_browser_manager" name="test_extension_manager_resolution_and_sync" time="0.845" /><testcase classname="tests.test_browser_manager" name="test_profile_preferences_pinned_extensions" time="2.502" /><testcase classname="tests.test_browser_manager" name="test_chrome_session_executable_discovery" time="0.768" /><testcase classname="tests.test_browser_manager" name="test_chrome_session_engine_arguments" time="0.774" /><testcase classname="tests.test_browser_manager" name="test_modern_headless_extension_args" time="2.534" /><testcase classname="tests.test_browser_manager" name="test_captcha_manager_condition_based_solving" time="0.959" /><testcase classname="tests.test_browser_manager" name="test_captcha_manager_no_challenge_fast_path" time="0.828" /><testcase classname="tests.test_browser_manager" name="test_tab_manager_lifecycle" time="0.669" /><testcase classname="tests.test_browser_manager" name="test_site_automation_manager_dispatch" time="0.607" /><testcase classname="tests.test_browser_manager" name="test_chrome_profile_seeding_and_args" time="1.065" /><testcase classname="tests.test_browser_manager" name="test_engine_specific_user_agent_injection" time="4.220" /><testcase classname="tests.test_browser_manager" name="test_is_extension_configured" time="1.017" /><testcase classname="tests.test_browser_manager" name="test_edge_preferences_pinned_and_toolbar_flags" time="2.310" /><testcase classname="tests.test_browser_manager" name="test_extension_configuration_skips_when_already_configured" time="0.698" /><testcase classname="tests.test_browser_matrix" name="test_preflight_missing_playwright_driver_raises_runtime_error" time="0.835" /><testcase classname="tests.test_browser_matrix" name="test_preflight_missing_chrome_executable_raises_runtime_error" time="1.054" /><testcase classname="tests.test_browser_matrix" name="test_browser_test_endpoint_mocked_success[chrome-False]" time="1.010" /><testcase classname="tests.test_browser_matrix" name="test_browser_test_endpoint_mocked_success[chrome-True]" time="1.026" /><testcase classname="tests.test_browser_matrix" name="test_browser_test_endpoint_mocked_success[chromium-False]" time="1.057" /><testcase classname="tests.test_browser_matrix" name="test_browser_test_endpoint_mocked_success[chromium-True]" time="0.869" /><testcase classname="tests.test_browser_matrix" name="test_browser_test_endpoint_mocked_success[msedge-False]" time="0.973" /><testcase classname="tests.test_browser_matrix" name="test_browser_test_endpoint_mocked_success[msedge-True]" time="0.762" /><testcase classname="tests.test_browser_matrix" name="test_live_chrome_attended_integration" time="37.906" /><testcase classname="tests.test_browser_matrix" name="test_live_chrome_headless_integration" time="12.420" /><testcase classname="tests.test_column_mapping_ingest" name="test_auto_detect_column_mapping_exact_and_fuzzy" time="0.816" /><testcase classname="tests.test_column_mapping_ingest" name="test_validate_spreadsheet_mapping_missing_claim_number" time="0.714" /><testcase classname="tests.test_column_mapping_ingest" name="test_validate_spreadsheet_mapping_duplicate_in_file" time="0.705" /><testcase classname="tests.test_column_mapping_ingest" name="test_validate_endpoint_database_duplicate_check" time="1.010" /><testcase classname="tests.test_column_mapping_ingest" name="test_upload_with_custom_mapping_and_failed_rows_csv_export" time="1.406" /><testcase classname="tests.test_credentials_security" name="test_tc_sec_001_miami_init_defaults_none" time="1.060" /><testcase classname="tests.test_credentials_security" name="test_tc_sec_002_miami_init_explicit_credentials" time="0.744" /><testcase classname="tests.test_credentials_security" name="test_tc_sec_003_no_hardcoded_email_in_miami_source" time="0.732" /><testcase classname="tests.test_credentials_security" name="test_tc_sec_004_no_hardcoded_password_in_miami_source" time="0.742" /><testcase classname="tests.test_database_models" name="test_claim_record_lifecycle_and_relationships" time="1.334" /><testcase classname="tests.test_email_acceptance_e2e" name="test_ae001_to_003_power_platform_v4_legacy_parity" time="1.139" /><testcase classname="tests.test_email_acceptance_e2e" name="test_ae005_email_settings_api_schema" time="1.078" /><testcase classname="tests.test_email_acceptance_e2e" name="test_ae006_ae007_dynamic_recipients_hot_reload" time="1.341" /><testcase classname="tests.test_email_acceptance_e2e" name="test_ae008_multi_provider_connection_probing" time="3.182" /><testcase classname="tests.test_email_acceptance_e2e" name="test_ae009_ae029_ae030_secrets_masking_security" time="1.039" /><testcase classname="tests.test_email_acceptance_e2e" name="test_ae010_ae011_live_test_email_dispatch" time="1.110" /><testcase classname="tests.test_email_acceptance_e2e" name="test_ae012_ae013_template_studio_crud_and_aliases" time="1.086" /><testcase classname="tests.test_email_acceptance_e2e" name="test_ae014_template_invalid_variable_rejection" time="0.925" /><testcase classname="tests.test_email_acceptance_e2e" name="test_ae015_ae017_guidewire_event_notifications" time="1.081" /><testcase classname="tests.test_email_acceptance_e2e" name="test_ae018_transactional_safety" time="0.987" /><testcase classname="tests.test_email_acceptance_e2e" name="test_ae021_idempotency_deduplication" time="1.263" /><testcase classname="tests.test_email_acceptance_e2e" name="test_ae022_ae024_database_provenance_and_history_api" time="0.855" /><testcase classname="tests.test_email_acceptance_e2e" name="test_ae025_ae026_notification_rules_toggle" time="1.011" /><testcase classname="tests.test_email_notifications" name="test_mock_email_provider_dispatch" time="0.849" /><testcase classname="tests.test_email_notifications" name="test_template_renderer_variable_substitution" time="0.894" /><testcase classname="tests.test_email_notifications" name="test_notification_service_master_switch" time="1.204" /><testcase classname="tests.test_email_notifications" name="test_notification_service_idempotency" time="0.876" /><testcase classname="tests.test_email_notifications" name="test_email_test_connection_api" time="0.825" /><testcase classname="tests.test_email_notifications" name="test_email_test_send_api" time="0.959" /><testcase classname="tests.test_email_notifications" name="test_notifications_history_api" time="0.674" /><testcase classname="tests.test_email_notifications" name="test_notification_templates_and_rules_api" time="0.810" /><testcase classname="tests.test_email_notifications" name="test_email_connection_direct_mx_automated" time="1.052" /><testcase classname="tests.test_email_notifications" name="test_preview_all_four_templates_automated" time="0.927" /><testcase classname="tests.test_email_notifications" name="test_send_email_delivery_receipt_mock_automated" time="1.185" /><testcase classname="tests.test_email_notifications" name="test_direct_mx_delivery_to_damcogroup_automated" time="0.937" /><testcase classname="tests.test_email_notifications" name="test_maildev_provider_connection_automated" time="1.406" /><testcase classname="tests.test_email_notifications" name="test_maildev_provider_send_and_receipt_automated" time="1.449" /><testcase classname="tests.test_email_notifications" name="test_template_studio_crud_and_preview" time="1.160" /><testcase classname="tests.test_email_notifications" name="test_template_variable_aliases" time="0.939" /><testcase classname="tests.test_email_notifications" name="test_invalid_template_variable_rejection" time="0.727" /><testcase classname="tests.test_email_notifications" name="test_graph_and_ses_email_providers" time="2.116" /><testcase classname="tests.test_email_notifications" name="test_transactional_safety_email_failure_isolation" time="0.702" /><testcase classname="tests.test_email_notifications" name="test_notifications_search_and_filter_endpoint" time="1.303" /><testcase classname="tests.test_enterprise_cleanup" name="test_time_window_resolution" time="1.032" /><testcase classname="tests.test_enterprise_cleanup" name="test_categories_expansion" time="0.930" /><testcase classname="tests.test_enterprise_cleanup" name="test_calculate_cleanup_preview_no_mutations" time="0.857" /><testcase classname="tests.test_enterprise_cleanup" name="test_execute_cleanup_single_category_isolation" time="1.110" /><testcase classname="tests.test_enterprise_cleanup" name="test_execute_cleanup_claim_cascades" time="1.227" /><testcase classname="tests.test_enterprise_cleanup" name="test_execute_cleanup_telemetry_preserves_audit_trail" time="1.069" /><testcase classname="tests.test_enterprise_cleanup" name="test_execute_cleanup_idempotent" time="1.248" /><testcase classname="tests.test_enterprise_cleanup" name="test_cleanup_api_endpoints" time="1.044" /><testcase classname="tests.test_enterprise_cleanup" name="test_dashboard_stats_reconciled_after_cleanup" time="1.186" /><testcase classname="tests.test_enterprise_cleanup" name="test_execute_cleanup_cascade_notifications_and_children" time="1.046" /><testcase classname="tests.test_enterprise_cleanup" name="test_time_window_current_month_dynamic" time="0.961" /><testcase classname="tests.test_enterprise_cleanup" name="test_cleanup_cache_invalidation_redis_offline" time="0.995" /><testcase classname="tests.test_enterprise_cleanup" name="test_time_window_quarters_and_year" time="0.920" /><testcase classname="tests.test_enterprise_cleanup" name="test_cleanup_standalone_notifications_without_claim" time="1.193" /><testcase classname="tests.test_enterprise_features" name="test_single_claim_create_and_duplicate_prevention" time="1.114" /><testcase classname="tests.test_enterprise_features" name="test_single_claim_read_update_delete" time="1.375" /><testcase classname="tests.test_enterprise_features" name="test_bulk_operations" time="1.577" /><testcase classname="tests.test_enterprise_features" name="test_server_side_pagination_and_sorting" time="1.455" /><testcase classname="tests.test_enterprise_features" name="test_excel_and_csv_export" time="0.962" /><testcase classname="tests.test_enterprise_features" name="test_automatic_queue_runner_endpoints" time="1.374" /><testcase classname="tests.test_enterprise_features" name="test_database_cleanup_endpoint" time="1.290" /><testcase classname="tests.test_enterprise_features" name="test_detailed_stage_timing_telemetry_recorder" time="1.157" /><testcase classname="tests.test_enterprise_features" name="test_anticaptcha_extension_and_attended_configuration" time="0.899" /><testcase classname="tests.test_enterprise_features" name="test_file_preview_endpoint" time="1.025" /><testcase classname="tests.test_error_screenshots" name="test_storage_service_local_save_and_test" time="1.292" /><testcase classname="tests.test_error_screenshots" name="test_claim_screenshots_endpoints" time="1.196" /><testcase classname="tests.test_error_screenshots" name="test_capture_screenshot_toggle_behavior" time="1.112" /><testcase classname="tests.test_excel_parser" name="test_convert_excel_date_serial_numbers" time="1.210" /><testcase classname="tests.test_excel_parser" name="test_convert_excel_date_strings" time="0.894" /><testcase classname="tests.test_excel_parser" name="test_convert_excel_date_null_and_edge_cases" time="1.138" /><testcase classname="tests.test_excel_parser" name="test_resolve_county_bot_targets_florida" time="0.964" /><testcase classname="tests.test_excel_parser" name="test_resolve_county_bot_targets_texas" time="0.760" /><testcase classname="tests.test_excel_parser" name="test_resolve_county_bot_targets_cross_state" time="0.877" /><testcase classname="tests.test_excel_parser" name="test_parse_sample_claims_excel" time="0.864" /><testcase classname="tests.test_failure_paths" name="test_tc_fail_001_broward_portal_timeout_returns_empty" time="0.749" /><testcase classname="tests.test_failure_paths" name="test_tc_fail_002_captcha_unsolved_returns_empty_no_runtimeerror" time="0.867" /><testcase classname="tests.test_failure_paths" name="test_tc_fail_003_detect_security_block_429" time="1.145" /><testcase classname="tests.test_failure_paths" name="test_tc_fail_004_next_page_failure_preserves_page_1_results" time="0.786" /><testcase classname="tests.test_failure_paths" name="test_tc_fail_005_miami_no_credentials_proceeds_gracefully" time="0.980" /><testcase classname="tests.test_failure_paths" name="test_tc_fail_006_guidewire_http_500_handled" time="0.903" /><testcase classname="tests.test_failure_paths" name="test_tc_fail_007_detect_security_block_cloudflare_html" time="0.912" /><testcase classname="tests.test_failure_paths" name="test_tc_fail_008_detect_security_block_waf_html" time="0.794" /><testcase classname="tests.test_failure_paths" name="test_tc_fail_009_log_security_block_event" time="0.721" /><testcase classname="tests.test_failure_paths" name="test_tc_fail_010_empty_last_name_returns_empty_all_scrapers" time="0.714" /><testcase classname="tests.test_fuzzy_engine" name="test_clean_party_name_variations" time="0.940" /><testcase classname="tests.test_fuzzy_engine" name="test_clean_case_style_normalization" time="0.771" /><testcase classname="tests.test_fuzzy_engine" name="test_calculate_match_score_exact_and_near" time="0.796" /><testcase classname="tests.test_fuzzy_engine" name="test_is_case_eligible_filing_date" time="0.878" /><testcase classname="tests.test_fuzzy_engine" name="test_tc_fuz_001_filing_date_2011_01_01_passes" time="0.983" /><testcase classname="tests.test_fuzzy_engine" name="test_tc_fuz_002_filing_date_2010_12_31_excluded" time="0.859" /><testcase classname="tests.test_fuzzy_engine" name="test_tc_fuz_003_filing_date_2010_01_01_excluded" time="1.018" /><testcase classname="tests.test_fuzzy_engine" name="test_tc_fuz_004_filing_date_2009_06_15_excluded" time="0.734" /><testcase classname="tests.test_fuzzy_engine" name="test_tc_fuz_005_approved_status_open_passes" time="0.877" /><testcase classname="tests.test_fuzzy_engine" name="test_tc_fuz_006_unapproved_status_dismissed_excluded" time="0.681" /><testcase classname="tests.test_fuzzy_engine" name="test_tc_fuz_007_approved_type_circuit_civil_passes" time="0.949" /><testcase classname="tests.test_fuzzy_engine" name="test_tc_fuz_008_unapproved_type_criminal_excluded" time="0.769" /><testcase classname="tests.test_fuzzy_engine" name="test_is_case_eligible_status_and_type" time="0.816" /><testcase classname="tests.test_fuzzy_engine" name="test_evaluate_case_against_parties" time="0.708" /><testcase classname="tests.test_fuzzy_engine_enhanced" name="test_tc_fuz_001_filing_date_2011_01_01_passes" time="0.949" /><testcase classname="tests.test_fuzzy_engine_enhanced" name="test_tc_fuz_002_filing_date_2010_12_31_excluded" time="1.091" /><testcase classname="tests.test_fuzzy_engine_enhanced" name="test_tc_fuz_003_filing_date_2010_01_01_excluded" time="0.897" /><testcase classname="tests.test_fuzzy_engine_enhanced" name="test_tc_fuz_004_filing_date_2009_06_15_excluded" time="1.052" /><testcase classname="tests.test_fuzzy_engine_enhanced" name="test_tc_fuz_005_approved_status_open_passes" time="0.792" /><testcase classname="tests.test_fuzzy_engine_enhanced" name="test_tc_fuz_006_unapproved_status_dismissed_excluded" time="0.879" /><testcase classname="tests.test_fuzzy_engine_enhanced" name="test_tc_fuz_007_approved_type_circuit_civil_passes" time="1.074" /><testcase classname="tests.test_fuzzy_engine_enhanced" name="test_tc_fuz_008_unapproved_type_criminal_excluded" time="0.532" /><testcase classname="tests.test_fuzzy_engine_enhanced" name="test_tc_fuz_009_claimant_match_tier1" time="0.538" /><testcase classname="tests.test_fuzzy_engine_enhanced" name="test_tc_fuz_010_insured_match_tier2" time="0.764" /><testcase classname="tests.test_fuzzy_engine_enhanced" name="test_tc_fuz_011_no_duplicate_evaluations_per_party" time="0.987" /><testcase classname="tests.test_guidewire_client" name="test_format_claim_number" time="0.847" /><testcase classname="tests.test_guidewire_client" name="test_guidewire_client_headers" time="0.736" /><testcase classname="tests.test_guidewire_client" name="test_guidewire_send_case_update_mock_mode" time="0.950" /><testcase classname="tests.test_guidewire_client" name="test_guidewire_send_case_update_live_success" time="0.791" /><testcase classname="tests.test_guidewire_client" name="test_guidewire_send_case_update_live_unauthorized" time="0.995" /><testcase classname="tests.test_guidewire_client" name="test_guidewire_interactive_test_connection" time="0.785" /><testcase classname="tests.test_guidewire_models" name="test_claim_alias_identity" time="0.789" /><testcase classname="tests.test_guidewire_models" name="test_guidewire_activity_lifecycle_and_relationship" time="0.998" /><testcase classname="tests.test_guidewire_models" name="test_guidewire_activity_transaction_id_unique_constraint" time="1.154" /><testcase classname="tests.test_guidewire_models" name="test_filtered_out_case_lifecycle_and_relationship" time="1.085" /><testcase classname="tests.test_guidewire_models" name="test_claim_cascade_deletes_guidewire_and_filtered_records" time="1.156" /><testcase classname="tests.test_guidewire_models" name="test_automation_settings_and_audit_log" time="1.219" /><testcase classname="tests.test_guidewire_payload_enhanced" name="test_tc_gw_001_transaction_id_uuid4" time="0.969" /><testcase classname="tests.test_guidewire_payload_enhanced" name="test_tc_gw_002_source_system" time="0.903" /><testcase classname="tests.test_guidewire_payload_enhanced" name="test_tc_gw_003_case_type_in_case_items" time="1.028" /><testcase classname="tests.test_guidewire_payload_enhanced" name="test_tc_gw_004_9_digit_claim_number_prefixed" time="1.018" /><testcase classname="tests.test_guidewire_payload_enhanced" name="test_tc_gw_005_transaction_id_unique_per_call" time="0.970" /><testcase classname="tests.test_guidewire_payload_enhanced" name="test_tc_gw_006_suit_filed_date_included" time="0.979" /><testcase classname="tests.test_guidewire_pipeline" name="test_evaluate_fuzzy_matches_persists_filtered_out_cases" time="1.126" /><testcase classname="tests.test_guidewire_pipeline" name="test_notify_guidewire_persists_guidewire_activity_record" time="1.286" /><testcase classname="tests.test_harris_cclerk_navigation" name="test_tc_hcc_001_courts_nav_hover" time="1.092" /><testcase classname="tests.test_harris_cclerk_navigation" name="test_tc_hcc_002_county_civil_link_clicked" time="1.045" /><testcase classname="tests.test_harris_cclerk_navigation" name="test_tc_hcc_003_form_wait_for_visible" time="0.909" /><testcase classname="tests.test_health_detailed" name="test_health_check_basic" time="0.787" /><testcase classname="tests.test_health_detailed" name="test_health_detailed_observability" time="1.456" /><testcase classname="tests.test_health_detailed" name="test_portal_ping_endpoints" time="2.166" /><testcase classname="tests.test_imp_2026_0909_003.TestExtractNames" name="test_extract_names_empty_database_returns_zero" time="0.816" /><testcase classname="tests.test_imp_2026_0909_003.TestExtractNames" name="test_extract_names_returns_seeded_names" time="0.746" /><testcase classname="tests.test_imp_2026_0909_003.TestExtractNames" name="test_extract_names_party_type_insured_filter" time="0.916" /><testcase classname="tests.test_imp_2026_0909_003.TestExtractNames" name="test_extract_names_party_type_driver_filter" time="1.135" /><testcase classname="tests.test_imp_2026_0909_003.TestExtractNames" name="test_extract_names_party_type_claimant_filter" time="1.254" /><testcase classname="tests.test_imp_2026_0909_003.TestExtractNames" name="test_extract_names_deduplicates_same_name" time="1.015" /><testcase classname="tests.test_imp_2026_0909_003.TestExtractNames" name="test_extract_names_sorted_alphabetically" time="0.941" /><testcase classname="tests.test_imp_2026_0909_003.TestExtractNames" name="test_extract_names_total_equals_sum_of_lists" time="1.115" /><testcase classname="tests.test_imp_2026_0909_003.TestFuzzySearch" name="test_fuzzy_search_empty_body_validation_error" time="0.879" /><testcase classname="tests.test_imp_2026_0909_003.TestFuzzySearch" name="test_fuzzy_search_blank_name_returns_422" time="0.727" /><testcase classname="tests.test_imp_2026_0909_003.TestFuzzySearch" name="test_fuzzy_search_no_court_cases_returns_empty" time="0.993" /><testcase classname="tests.test_imp_2026_0909_003.TestFuzzySearch" name="test_fuzzy_search_finds_high_similarity_match" time="1.057" /><testcase classname="tests.test_imp_2026_0909_003.TestFuzzySearch" name="test_fuzzy_search_response_schema_fields" time="1.044" /><testcase classname="tests.test_imp_2026_0909_003.TestFuzzySearch" name="test_fuzzy_search_sorted_by_similarity_descending" time="1.051" /><testcase classname="tests.test_imp_2026_0909_003.TestFuzzySearch" name="test_fuzzy_search_limit_parameter_respected" time="1.306" /><testcase classname="tests.test_imp_2026_0909_003.TestFuzzySearch" name="test_fuzzy_search_high_threshold_excludes_low_matches" time="1.158" /><testcase classname="tests.test_imp_2026_0909_003.TestFuzzySearch" name="test_fuzzy_search_default_threshold_is_0_60" time="1.148" /><testcase classname="tests.test_imp_2026_0909_003.TestFuzzySearch" name="test_fuzzy_search_min_filing_year_filter" time="1.196" /><testcase classname="tests.test_imp_2026_0909_003.TestFuzzySearch" name="test_fuzzy_search_duration_ms_is_non_negative" time="0.942" /><testcase classname="tests.test_imp_2026_0909_003.TestFuzzySearch" name="test_fuzzy_search_search_name_echoed_in_response" time="0.940" /><testcase classname="tests.test_imp_2026_0909_003.TestAntiCaptchaEndpoint" name="test_anticaptcha_missing_api_key_returns_422" time="0.962" /><testcase classname="tests.test_imp_2026_0909_003.TestAntiCaptchaEndpoint" name="test_anticaptcha_blank_api_key_returns_422" time="0.885" /><testcase classname="tests.test_imp_2026_0909_003.TestAntiCaptchaEndpoint" name="test_anticaptcha_valid_key_returns_ok_status" time="1.020" /><testcase classname="tests.test_imp_2026_0909_003.TestAntiCaptchaEndpoint" name="test_anticaptcha_invalid_key_returns_error_status" time="0.974" /><testcase classname="tests.test_imp_2026_0909_003.TestAntiCaptchaEndpoint" name="test_anticaptcha_timeout_returns_error_status" time="1.063" /><testcase classname="tests.test_imp_2026_0909_003.TestAntiCaptchaEndpoint" name="test_anticaptcha_connection_error_returns_error_status" time="0.810" /><testcase classname="tests.test_imp_2026_0909_003.TestAntiCaptchaEndpoint" name="test_anticaptcha_response_always_has_latency_ms" time="1.033" /><testcase classname="tests.test_imp_2026_0909_003.TestClaimRowSchemaDeprecatedFields" name="test_deprecated_fields_not_in_schema_model_fields" time="0.867" /><testcase classname="tests.test_imp_2026_0909_003.TestClaimRowSchemaDeprecatedFields" name="test_deprecated_fields_not_in_schema_aliases" time="0.882" /><testcase classname="tests.test_imp_2026_0909_003.TestClaimRowSchemaDeprecatedFields" name="test_required_fields_still_present" time="0.759" /><testcase classname="tests.test_imp_2026_0909_003.TestClaimRowSchemaDeprecatedFields" name="test_claimrowschema_parses_row_without_deprecated_columns" time="0.732" /><testcase classname="tests.test_imp_2026_0909_003.TestClaimRowSchemaDeprecatedFields" name="test_claimrecord_orm_model_still_has_deprecated_columns" time="0.761" /><testcase classname="tests.test_imp_2026_0911_001" name="test_target_claim_fields_cleanup" time="0.748" /><testcase classname="tests.test_imp_2026_0911_001" name="test_claim_detail_filing_date_fallback" time="0.851" /><testcase classname="tests.test_imp_2026_0911_001" name="test_single_claim_export_endpoints" time="1.380" /><testcase classname="tests.test_imp_2026_0911_002" name="test_state_routing_normalization_florida" time="1.104" /><testcase classname="tests.test_imp_2026_0911_002" name="test_state_routing_normalization_texas" time="0.896" /><testcase classname="tests.test_imp_2026_0911_002" name="test_state_routing_cross_state" time="1.078" /><testcase classname="tests.test_imp_2026_0911_002" name="test_match_exceptions_export_xlsx" time="0.886" /><testcase classname="tests.test_imp_2026_0911_002" name="test_match_exceptions_export_csv" time="1.057" /><testcase classname="tests.test_imp_2026_0911_002" name="test_match_exceptions_export_json" time="0.904" /><testcase classname="tests.test_imp_2026_0911_002" name="test_scraped_case_expanded_date_filed_fallback" time="0.954" /><testcase classname="tests.test_imp_2026_0912_001" name="test_generate_unique_names_all_distinct" time="0.953" /><testcase classname="tests.test_imp_2026_0912_001" name="test_generate_unique_names_all_identical" time="0.873" /><testcase classname="tests.test_imp_2026_0912_001" name="test_generate_unique_names_fuzzy_duplicate" time="0.925" /><testcase classname="tests.test_imp_2026_0912_001" name="test_generate_unique_names_missing_parties" time="1.066" /><testcase classname="tests.test_imp_2026_0912_001" name="test_derive_search_counts_fuzzy_all_same" time="0.800" /><testcase classname="tests.test_imp_2026_0912_001" name="test_derive_search_counts_fuzzy_insured_equals_driver" time="0.794" /><testcase classname="tests.test_imp_2026_0912_001" name="test_derive_search_counts_fuzzy_insured_equals_claimant" time="1.030" /><testcase classname="tests.test_imp_2026_0912_001" name="test_derive_search_counts_fuzzy_driver_equals_claimant" time="0.893" /><testcase classname="tests.test_imp_2026_0912_001" name="test_derive_search_counts_fuzzy_all_different" time="1.096" /><testcase classname="tests.test_imp_2026_0912_001" name="test_portal_cooldown_lifecycle" time="0.937" /><testcase classname="tests.test_imp_2026_0912_001" name="test_detect_security_block_http_429" time="0.715" /><testcase classname="tests.test_imp_2026_0912_001" name="test_detect_security_block_cloudflare_challenge" time="0.763" /><testcase classname="tests.test_imp_2026_0912_001" name="test_detect_security_block_access_denied_waf" time="0.922" /><testcase classname="tests.test_imp_2026_0912_001" name="test_detect_security_block_clean_page" time="0.833" /><testcase classname="tests.test_imp_2026_0912_001" name="test_log_security_block_event" time="1.037" /><testcase classname="tests.test_imp_2026_0912_001" name="test_legacy_fuzzymatchapi_root_endpoint" time="1.155" /><testcase classname="tests.test_imp_2026_0912_001" name="test_api_v1_unique_names_endpoint" time="1.140" /><testcase classname="tests.test_imp_2026_0912_001" name="test_deprecated_fields_absent_from_target_fields" time="1.114" /><testcase classname="tests.test_imp_2026_0912_001" name="test_bot_status_enum_blocked" time="1.020" /><testcase classname="tests.test_imp_2026_0912_001" name="test_auto_queue_default_enabled" time="1.011" /><testcase classname="tests.test_imp_2026_0912_006" name="test_state_routing_florida_intra_state" time="0.815" /><testcase classname="tests.test_imp_2026_0912_006" name="test_state_routing_texas_intra_state" time="0.946" /><testcase classname="tests.test_imp_2026_0912_006" name="test_state_routing_cross_state" time="1.120" /><testcase classname="tests.test_imp_2026_0912_006" name="test_miami_dade_is_strictly_florida" time="1.086" /><testcase classname="tests.test_imp_2026_0912_006" name="test_state_normalization_helpers" time="1.098" /><testcase classname="tests.test_imp_2026_0912_006" name="test_claim_number_formatting_rule" time="0.887" /><testcase classname="tests.test_imp_2026_0912_006" name="test_guidewire_contract_payload_structure" time="0.878" /><testcase classname="tests.test_imp_2026_0912_006" name="test_portal_output_schemas_fidelity" time="0.859" /><testcase classname="tests.test_imp_2026_0912_006" name="test_single_claim_export_formats_parity" time="1.187" /><testcase classname="tests.test_orchestrator_tasks" name="test_end_to_end_orchestration_and_guidewire_trigger" time="12.127" /><testcase classname="tests.test_pagination_behavior" name="test_tc_pag_004_travis_no_15_row_cap" time="1.135" /><testcase classname="tests.test_pagination_behavior" name="test_tc_pag_005_dallas_no_15_row_cap" time="1.255" /><testcase classname="tests.test_pagination_behavior" name="test_tc_pag_006_harris_jp_no_15_row_cap" time="1.285" /><testcase classname="tests.test_pagination_behavior" name="test_tc_pag_001_broward_pagination_iterates_pages" time="1.053" /><testcase classname="tests.test_pagination_behavior" name="test_tc_pag_009_safety_ceiling_stops_at_10_pages" time="1.102" /><testcase classname="tests.test_plan_verification" name="test_single_claim_export_json" time="1.396" /><testcase classname="tests.test_plan_verification" name="test_single_claim_export_csv" time="1.431" /><testcase classname="tests.test_plan_verification" name="test_single_claim_export_xlsx" time="1.595" /><testcase classname="tests.test_plan_verification" name="test_single_claim_export_pdf" time="1.387" /><testcase classname="tests.test_plan_verification" name="test_single_claim_export_invalid_inputs" time="1.137" /><testcase classname="tests.test_plan_verification" name="test_run_single_bot_dispatch[broward-fl_botstatus_broward]" time="1.251" /><testcase classname="tests.test_plan_verification" name="test_run_single_bot_dispatch[hillsborough-fl_botstatus_hillsborough]" time="1.313" /><testcase classname="tests.test_plan_verification" name="test_run_single_bot_dispatch[miami-fl_botstatus_miami]" time="1.329" /><testcase classname="tests.test_plan_verification" name="test_run_single_bot_dispatch[travis-te_botstatus_travis]" time="1.229" /><testcase classname="tests.test_plan_verification" name="test_run_single_bot_dispatch[dallas-te_botstatus_dallas]" time="1.104" /><testcase classname="tests.test_plan_verification" name="test_run_single_bot_dispatch[harris_jp-te_botstatus_harris]" time="1.365" /><testcase classname="tests.test_plan_verification" name="test_run_single_bot_dispatch[harris_cclerk-te_botstatus_cclerk]" time="1.363" /><testcase classname="tests.test_plan_verification" name="test_run_single_bot_dispatch[harris_district-te_botstatus_hcdistrict]" time="1.435" /><testcase classname="tests.test_plan_verification" name="test_run_single_bot_all" time="1.345" /><testcase classname="tests.test_plan_verification" name="test_run_single_bot_invalid_inputs" time="1.178" /><testcase classname="tests.test_plan_verification" name="test_claim_single_start_stop_and_guidewire_push" time="1.391" /><testcase classname="tests.test_plan_verification" name="test_queue_retrigger_and_start_all" time="1.384" /><testcase classname="tests.test_plan_verification" name="test_matches_review_endpoints" time="1.628" /><testcase classname="tests.test_plan_verification" name="test_template_download_endpoints" time="1.127" /><testcase classname="tests.test_plan_verification" name="test_async_parse_and_ingest_all_12_columns" time="1.431" /><testcase classname="tests.test_plan_verification" name="test_queue_runner_progression_and_recovery" time="1.472" /><testcase classname="tests.test_plan_verification" name="test_scheduled_retrigger_failed_cases" time="1.393" /><testcase classname="tests.test_plan_verification" name="test_state_routing_complete_matrix" time="1.033" /><testcase classname="tests.test_plan_verification" name="test_hillsborough_scraper_initialization_and_selectors" time="0.998" /><testcase classname="tests.test_plan_verification" name="test_guidewire_claim_number_formatting" time="0.738" /><testcase classname="tests.test_plan_verification" name="test_guidewire_send_case_update_mock" time="0.778" /><testcase classname="tests.test_popup_handlers" name="test_tc_pop_001_dismiss_search_criteria_popup_when_visible" time="0.760" /><testcase classname="tests.test_popup_handlers" name="test_tc_pop_002_dismiss_search_criteria_popup_noop_when_absent" time="0.828" /><testcase classname="tests.test_popup_handlers" name="test_tc_pop_003_dismiss_session_timeout_popup_when_visible" time="1.122" /><testcase classname="tests.test_popup_handlers" name="test_tc_pop_004_dismiss_session_timeout_popup_noop_when_absent" time="0.809" /><testcase classname="tests.test_retry_failed_portals" name="test_retry_failed_endpoint_success" time="1.162" /><testcase classname="tests.test_retry_failed_portals" name="test_retry_failed_endpoint_no_failures" time="1.016" /><testcase classname="tests.test_retry_failed_portals" name="test_retry_failed_endpoint_not_found" time="0.954" /><testcase classname="tests.test_retry_failed_portals" name="test_bulk_retry_failed_portals_only" time="1.346" /><testcase classname="tests.test_retry_failed_portals" name="test_async_orchestrate_scrapers_retry_failed_only" time="1.594" /><testcase classname="tests.test_retry_failed_portals" name="test_async_retrigger_failed_cases_scheduled_task" time="1.218" /><testcase classname="tests.test_scraper_captcha_behavior" name="test_tc_cap_001_broward_captcha_timeout_returns_empty" time="0.887" /><testcase classname="tests.test_scraper_captcha_behavior" name="test_tc_cap_002_travis_captcha_timeout_returns_empty" time="1.072" /><testcase classname="tests.test_scraper_captcha_behavior" name="test_tc_cap_003_dallas_captcha_timeout_returns_empty" time="0.926" /><testcase classname="tests.test_scraper_captcha_behavior" name="test_tc_cap_004_harris_jp_captcha_timeout_returns_empty" time="1.102" /><testcase classname="tests.test_scraper_captcha_behavior" name="test_tc_cap_005_broward_redundant_still_solving_removed" time="0.997" /><testcase classname="tests.test_scraper_captcha_behavior" name="test_tc_cap_006_base_captcha_no_challenge_returns_true" time="0.807" /><testcase classname="tests.test_scraper_captcha_behavior" name="test_tc_cap_007_base_captcha_unsolved_timeout_returns_false" time="1.251" /><testcase classname="tests.test_scrapers" name="test_base_court_scraper_initialization" time="0.962" /><testcase classname="tests.test_scrapers" name="test_base_court_scraper_captcha_detection_none_found" time="0.749" /><testcase classname="tests.test_scrapers" name="test_miami_scraper_initialization" time="1.073" /><testcase classname="tests.test_scrapers" name="test_miami_scraper_empty_last_name" time="0.770" /><testcase classname="tests.test_scrapers" name="test_miami_scraper_card_view_extraction" time="0.944" /><testcase classname="tests.test_scrapers" name="test_hillsborough_scraper_initialization" time="1.029" /><testcase classname="tests.test_scrapers" name="test_hillsborough_scraper_empty_last_name" time="0.885" /><testcase classname="tests.test_scrapers" name="test_hillsborough_scraper_table_extraction" time="1.057" /><testcase classname="tests.test_scrapers" name="test_broward_scraper_initialization" time="0.988" /><testcase classname="tests.test_scrapers" name="test_turnstile_active_click_and_resolution" time="1.060" /><testcase classname="tests.test_scrapers" name="test_texas_scrapers_initialization" time="1.010" /><testcase classname="tests.test_scrapers" name="test_travis_scraper_empty_last_name" time="0.825" /><testcase classname="tests.test_scrapers" name="test_dallas_scraper_empty_last_name" time="0.798" /><testcase classname="tests.test_scrapers" name="test_turnstile_detection_and_interactive_click" time="0.833" /><testcase classname="tests.test_services" name="test_convert_excel_date" time="0.791" /><testcase classname="tests.test_services" name="test_resolve_county_bot_targets" time="0.897" /><testcase classname="tests.test_services" name="test_clean_case_style" time="1.018" /><testcase classname="tests.test_services" name="test_calculate_match_score" time="1.193" /><testcase classname="tests.test_services" name="test_is_case_eligible" time="1.016" /><testcase classname="tests.test_services" name="test_format_claim_number" time="1.021" /><testcase classname="tests.test_settings_alignment" name="test_scorer_algorithm_selection" time="0.941" /><testcase classname="tests.test_settings_alignment" name="test_noise_pattern_stripping" time="1.094" /><testcase classname="tests.test_settings_alignment" name="test_evaluate_case_against_parties_with_settings" time="0.999" /><testcase classname="tests.test_settings_alignment" name="test_claims_bot_details_uses_configured_portal_urls" time="0.954" /><testcase classname="tests.test_settings_alignment" name="test_settings_save_and_retrieve_persistence" time="0.984" /><testcase classname="tests.test_settings_alignment" name="test_default_windows_chrome_detection" time="1.110" /><testcase classname="tests.test_settings_alignment" name="test_default_root_extension_detection" time="0.955" /><testcase classname="tests.test_settings_alignment" name="test_engine_user_agents" time="1.260" /><testcase classname="tests.test_settings_alignment" name="test_browser_engine_setting_persistence" time="0.837" /><testcase classname="tests.test_settings_alignment" name="test_branding_settings_persistence" time="1.304" /><testcase classname="tests.test_settings_alignment" name="test_branding_theme_palettes_persistence" time="0.942" /><testcase classname="tests.test_settings_alignment" name="test_upload_logo_endpoint_success" time="0.877" /><testcase classname="tests.test_settings_alignment" name="test_upload_logo_endpoint_invalid_extension" time="0.749" /><testcase classname="tests.test_settings_alignment" name="test_upload_logo_endpoint_oversize_limit" time="1.051" /><testcase classname="tests.test_setup_console" name="test_port_conflict_detection" time="1.382" /><testcase classname="tests.test_setup_console" name="test_service_kill_process_filtering" time="0.980" /><testcase classname="tests.test_setup_console" name="test_maildev_ports_explicit_termination_logic" time="1.215" /><testcase classname="tests.test_setup_console" name="test_browser_matrix_skips_chromium_when_chrome_detected" time="0.939" /><testcase classname="tests.test_setup_console" name="test_find_chrome_executable_resolution" time="0.963" /><testcase classname="tests.test_setup_console" name="test_purge_folders_safety_invariants" time="0.940" /><testcase classname="tests.test_setup_console" name="test_rpa_mode_toggle_and_backend_adherence" time="0.834" /><testcase classname="tests.test_setup_console" name="test_diagnostics_runner_zero_unraisable_warnings" time="0.962" /><testcase classname="tests.test_setup_console" name="test_docker_compose_config_validity" time="0.794" /><testcase classname="tests.test_setup_console" name="test_live_monitor_health_probe_logic" time="0.705" /><testcase classname="tests.test_setup_console" name="test_maildev_endpoint_and_smtp_verification" time="0.741" /><testcase classname="tests.test_setup_console" name="test_setup_local_canonical_script_exists" time="0.892" /><testcase classname="tests.test_setup_console" name="test_redis_ping_probe_protocol_format" time="0.850" /><testcase classname="tests.test_setup_console" name="test_smtp_banner_probe_protocol_format" time="0.992" /><testcase classname="tests.test_setup_console" name="test_celery_worker_process_commandline_filter" time="1.161" /><testcase classname="tests.test_setup_console" name="test_celery_beat_process_commandline_filter" time="0.786" /><testcase classname="tests.test_setup_console" name="test_setup_local_console_features_and_chromium_guard" time="1.156" /><testcase classname="tests.test_v4_parity" name="test_v4_derive_search_counts_all_combinations" time="0.775" /><testcase classname="tests.test_v4_parity" name="test_v4_state_routing_logic" time="0.750" /><testcase classname="tests.test_v4_parity" name="test_v4_excel_dol_conversion" time="0.935" /><testcase classname="tests.test_v4_parity" name="test_v4_guidewire_claim_number_rule" time="0.815" /><testcase classname="tests.test_v4_parity" name="test_v4_case_style_cleaning" time="0.744" /><testcase classname="tests.test_v4_parity" name="test_v4_fuzzy_3tier_cascade_and_deduplication" time="0.999" /><testcase classname="tests.test_v4_parity" name="test_v4_strict_portal_schema_contracts" time="0.907" /><testcase classname="tests.test_v4_parity" name="test_v4_guidewire_mock_dispatch" time="1.168" /></testsuite></testsuites>